mode: set
github.com/BradPreston/go-blog-backend/pkg/handlers/DeletePost.go:12.57,16.39 3 0
github.com/BradPreston/go-blog-backend/pkg/handlers/DeletePost.go:16.39,17.20 1 0
github.com/BradPreston/go-blog-backend/pkg/handlers/DeletePost.go:17.20,23.9 5 0
github.com/BradPreston/go-blog-backend/pkg/handlers/GetAllPosts.go:10.58,14.2 3 0
github.com/BradPreston/go-blog-backend/pkg/handlers/GetPost.go:12.54,16.35 3 0
github.com/BradPreston/go-blog-backend/pkg/handlers/GetPost.go:16.35,17.20 1 0
github.com/BradPreston/go-blog-backend/pkg/handlers/GetPost.go:17.20,22.9 4 0
github.com/BradPreston/go-blog-backend/pkg/handlers/UpdatePost.go:16.57,23.16 5 0
github.com/BradPreston/go-blog-backend/pkg/handlers/UpdatePost.go:27.2,31.39 3 0
github.com/BradPreston/go-blog-backend/pkg/handlers/UpdatePost.go:23.16,25.3 1 0
github.com/BradPreston/go-blog-backend/pkg/handlers/UpdatePost.go:31.39,32.20 1 0
github.com/BradPreston/go-blog-backend/pkg/handlers/UpdatePost.go:32.20,44.9 11 0
github.com/BradPreston/go-blog-backend/pkg/handlers/AddPost.go:14.54,17.16 3 1
github.com/BradPreston/go-blog-backend/pkg/handlers/AddPost.go:21.2,30.38 7 1
github.com/BradPreston/go-blog-backend/pkg/handlers/AddPost.go:17.16,19.3 1 0
